2025-08-21 08:13:09,804 - INFO - 使用设备: cpu
2025-08-21 08:13:09,804 - INFO - 加载图数据...
2025-08-21 08:13:09,805 - INFO - 图节点数: 34, 边数: 78
2025-08-21 08:13:09,815 - INFO - 开始纵向图联邦学习训练...
2025-08-21 08:13:09,815 - INFO - 
全局轮次 1/20
2025-08-21 08:13:09,815 - INFO - 客户端 0 本地训练中...
2025-08-21 08:13:11,157 - INFO - 客户端 1 本地训练中...
2025-08-21 08:13:11,162 - INFO - 客户端 2 本地训练中...
2025-08-21 08:13:11,168 - WARNING - 没有可聚合的有效梯度
2025-08-21 08:13:11,168 - WARNING - 第{epoch+1}轮没有有效的聚合损失
2025-08-21 08:13:11,168 - WARNING - 没有有效梯度用于全局更新
2025-08-21 08:13:11,180 - INFO - 当前性能: 准确率=0.6364, 宏F1=0.6071, 损失=0.6896
2025-08-21 08:13:11,180 - INFO - 
全局轮次 2/20
2025-08-21 08:13:11,186 - INFO - 客户端 0 本地训练中...
2025-08-21 08:13:11,210 - INFO - 客户端 1 本地训练中...
2025-08-21 08:13:11,216 - INFO - 客户端 2 本地训练中...
2025-08-21 08:13:11,222 - WARNING - 没有可聚合的有效梯度
2025-08-21 08:13:11,222 - WARNING - 第{epoch+1}轮没有有效的聚合损失
2025-08-21 08:13:11,222 - WARNING - 没有有效梯度用于全局更新
2025-08-21 08:13:11,234 - INFO - 当前性能: 准确率=0.8182, 宏F1=0.8036, 损失=0.6595
2025-08-21 08:13:11,234 - INFO - 
全局轮次 3/20
2025-08-21 08:13:11,234 - INFO - 客户端 0 本地训练中...
2025-08-21 08:13:11,259 - INFO - 客户端 1 本地训练中...
2025-08-21 08:13:11,264 - INFO - 客户端 2 本地训练中...
2025-08-21 08:13:11,271 - WARNING - 没有可聚合的有效梯度
2025-08-21 08:13:11,271 - WARNING - 第{epoch+1}轮没有有效的聚合损失
2025-08-21 08:13:11,271 - WARNING - 没有有效梯度用于全局更新
2025-08-21 08:13:11,283 - INFO - 当前性能: 准确率=0.5455, 宏F1=0.3529, 损失=0.6732
2025-08-21 08:13:11,283 - INFO - 
全局轮次 4/20
2025-08-21 08:13:11,283 - INFO - 客户端 0 本地训练中...
2025-08-21 08:13:11,304 - INFO - 客户端 1 本地训练中...
2025-08-21 08:13:11,310 - INFO - 客户端 2 本地训练中...
2025-08-21 08:13:11,316 - WARNING - 没有可聚合的有效梯度
2025-08-21 08:13:11,316 - WARNING - 第{epoch+1}轮没有有效的聚合损失
2025-08-21 08:13:11,316 - WARNING - 没有有效梯度用于全局更新
2025-08-21 08:13:11,328 - INFO - 当前性能: 准确率=0.7273, 宏F1=0.6857, 损失=0.6682
2025-08-21 08:13:11,328 - INFO - 
全局轮次 5/20
2025-08-21 08:13:11,328 - INFO - 客户端 0 本地训练中...
2025-08-21 08:13:11,349 - INFO - 客户端 1 本地训练中...
2025-08-21 08:13:11,355 - INFO - 客户端 2 本地训练中...
2025-08-21 08:13:11,361 - WARNING - 没有可聚合的有效梯度
2025-08-21 08:13:11,361 - WARNING - 第{epoch+1}轮没有有效的聚合损失
2025-08-21 08:13:11,361 - WARNING - 没有有效梯度用于全局更新
2025-08-21 08:13:11,380 - INFO - 当前性能: 准确率=0.9091, 宏F1=0.9060, 损失=0.6376
2025-08-21 08:13:11,380 - INFO - 
全局轮次 6/20
2025-08-21 08:13:11,380 - INFO - 客户端 0 本地训练中...
2025-08-21 08:13:11,413 - INFO - 客户端 1 本地训练中...
2025-08-21 08:13:11,422 - INFO - 客户端 2 本地训练中...
2025-08-21 08:13:11,429 - WARNING - 没有可聚合的有效梯度
2025-08-21 08:13:11,429 - WARNING - 第{epoch+1}轮没有有效的聚合损失
2025-08-21 08:13:11,429 - WARNING - 没有有效梯度用于全局更新
2025-08-21 08:13:11,443 - INFO - 当前性能: 准确率=0.6364, 宏F1=0.5417, 损失=0.6605
2025-08-21 08:13:11,443 - INFO - 
全局轮次 7/20
2025-08-21 08:13:11,443 - INFO - 客户端 0 本地训练中...
2025-08-21 08:13:11,467 - INFO - 客户端 1 本地训练中...
2025-08-21 08:13:11,475 - INFO - 客户端 2 本地训练中...
2025-08-21 08:13:11,481 - WARNING - 没有可聚合的有效梯度
2025-08-21 08:13:11,481 - WARNING - 第{epoch+1}轮没有有效的聚合损失
2025-08-21 08:13:11,481 - WARNING - 没有有效梯度用于全局更新
2025-08-21 08:13:11,493 - INFO - 当前性能: 准确率=0.6364, 宏F1=0.6071, 损失=0.6708
2025-08-21 08:13:11,493 - INFO - 
全局轮次 8/20
2025-08-21 08:13:11,494 - INFO - 客户端 0 本地训练中...
2025-08-21 08:13:11,517 - INFO - 客户端 1 本地训练中...
2025-08-21 08:13:11,522 - INFO - 客户端 2 本地训练中...
2025-08-21 08:13:11,528 - WARNING - 没有可聚合的有效梯度
2025-08-21 08:13:11,528 - WARNING - 第{epoch+1}轮没有有效的聚合损失
2025-08-21 08:13:11,528 - WARNING - 没有有效梯度用于全局更新
2025-08-21 08:13:11,540 - INFO - 当前性能: 准确率=0.5455, 宏F1=0.4762, 损失=0.6927
2025-08-21 08:13:11,540 - INFO - 
全局轮次 9/20
2025-08-21 08:13:11,540 - INFO - 客户端 0 本地训练中...
2025-08-21 08:13:11,562 - INFO - 客户端 1 本地训练中...
2025-08-21 08:13:11,567 - INFO - 客户端 2 本地训练中...
2025-08-21 08:13:11,573 - WARNING - 没有可聚合的有效梯度
2025-08-21 08:13:11,573 - WARNING - 第{epoch+1}轮没有有效的聚合损失
2025-08-21 08:13:11,573 - WARNING - 没有有效梯度用于全局更新
2025-08-21 08:13:11,585 - INFO - 当前性能: 准确率=0.6364, 宏F1=0.5417, 损失=0.6756
2025-08-21 08:13:11,585 - INFO - 
全局轮次 10/20
2025-08-21 08:13:11,585 - INFO - 客户端 0 本地训练中...
2025-08-21 08:13:11,613 - INFO - 客户端 1 本地训练中...
2025-08-21 08:13:11,619 - INFO - 客户端 2 本地训练中...
2025-08-21 08:13:11,625 - WARNING - 没有可聚合的有效梯度
2025-08-21 08:13:11,625 - WARNING - 第{epoch+1}轮没有有效的聚合损失
2025-08-21 08:13:11,625 - WARNING - 没有有效梯度用于全局更新
2025-08-21 08:13:11,639 - INFO - 当前性能: 准确率=0.6364, 宏F1=0.5417, 损失=0.6761
2025-08-21 08:13:11,639 - INFO - 
全局轮次 11/20
2025-08-21 08:13:11,639 - INFO - 客户端 0 本地训练中...
2025-08-21 08:13:11,663 - INFO - 客户端 1 本地训练中...
2025-08-21 08:13:11,669 - INFO - 客户端 2 本地训练中...
2025-08-21 08:13:11,675 - WARNING - 没有可聚合的有效梯度
2025-08-21 08:13:11,676 - WARNING - 第{epoch+1}轮没有有效的聚合损失
2025-08-21 08:13:11,676 - WARNING - 没有有效梯度用于全局更新
2025-08-21 08:13:11,690 - INFO - 当前性能: 准确率=0.4545, 宏F1=0.4500, 损失=0.6884
2025-08-21 08:13:11,690 - INFO - 
全局轮次 12/20
2025-08-21 08:13:11,690 - INFO - 客户端 0 本地训练中...
2025-08-21 08:13:11,713 - INFO - 客户端 1 本地训练中...
2025-08-21 08:13:11,720 - INFO - 客户端 2 本地训练中...
2025-08-21 08:13:11,726 - WARNING - 没有可聚合的有效梯度
2025-08-21 08:13:11,726 - WARNING - 第{epoch+1}轮没有有效的聚合损失
2025-08-21 08:13:11,726 - WARNING - 没有有效梯度用于全局更新
2025-08-21 08:13:11,737 - INFO - 当前性能: 准确率=0.8182, 宏F1=0.7708, 损失=0.6613
2025-08-21 08:13:11,737 - INFO - 
全局轮次 13/20
2025-08-21 08:13:11,738 - INFO - 客户端 0 本地训练中...
2025-08-21 08:13:11,759 - INFO - 客户端 1 本地训练中...
2025-08-21 08:13:11,765 - INFO - 客户端 2 本地训练中...
2025-08-21 08:13:11,771 - WARNING - 没有可聚合的有效梯度
2025-08-21 08:13:11,771 - WARNING - 第{epoch+1}轮没有有效的聚合损失
2025-08-21 08:13:11,771 - WARNING - 没有有效梯度用于全局更新
2025-08-21 08:13:11,784 - INFO - 当前性能: 准确率=0.5455, 宏F1=0.5455, 损失=0.6956
2025-08-21 08:13:11,784 - INFO - 
全局轮次 14/20
2025-08-21 08:13:11,784 - INFO - 客户端 0 本地训练中...
2025-08-21 08:13:11,812 - INFO - 客户端 1 本地训练中...
2025-08-21 08:13:11,819 - INFO - 客户端 2 本地训练中...
2025-08-21 08:13:11,826 - WARNING - 没有可聚合的有效梯度
2025-08-21 08:13:11,826 - WARNING - 第{epoch+1}轮没有有效的聚合损失
2025-08-21 08:13:11,826 - WARNING - 没有有效梯度用于全局更新
2025-08-21 08:13:11,839 - INFO - 当前性能: 准确率=0.7273, 宏F1=0.7179, 损失=0.6511
2025-08-21 08:13:11,839 - INFO - 
全局轮次 15/20
2025-08-21 08:13:11,839 - INFO - 客户端 0 本地训练中...
2025-08-21 08:13:11,864 - INFO - 客户端 1 本地训练中...
2025-08-21 08:13:11,870 - INFO - 客户端 2 本地训练中...
2025-08-21 08:13:11,876 - WARNING - 没有可聚合的有效梯度
2025-08-21 08:13:11,876 - WARNING - 第{epoch+1}轮没有有效的聚合损失
2025-08-21 08:13:11,876 - WARNING - 没有有效梯度用于全局更新
2025-08-21 08:13:11,889 - INFO - 当前性能: 准确率=0.4545, 宏F1=0.4107, 损失=0.6881
2025-08-21 08:13:11,889 - INFO - 
全局轮次 16/20
2025-08-21 08:13:11,889 - INFO - 客户端 0 本地训练中...
2025-08-21 08:13:11,912 - INFO - 客户端 1 本地训练中...
2025-08-21 08:13:11,918 - INFO - 客户端 2 本地训练中...
2025-08-21 08:13:11,925 - WARNING - 没有可聚合的有效梯度
2025-08-21 08:13:11,925 - WARNING - 第{epoch+1}轮没有有效的聚合损失
2025-08-21 08:13:11,925 - WARNING - 没有有效梯度用于全局更新
2025-08-21 08:13:11,936 - INFO - 当前性能: 准确率=0.6364, 宏F1=0.6071, 损失=0.6897
2025-08-21 08:13:11,937 - INFO - 
全局轮次 17/20
2025-08-21 08:13:11,937 - INFO - 客户端 0 本地训练中...
2025-08-21 08:13:11,960 - INFO - 客户端 1 本地训练中...
2025-08-21 08:13:11,966 - INFO - 客户端 2 本地训练中...
2025-08-21 08:13:11,971 - WARNING - 没有可聚合的有效梯度
2025-08-21 08:13:11,971 - WARNING - 第{epoch+1}轮没有有效的聚合损失
2025-08-21 08:13:11,972 - WARNING - 没有有效梯度用于全局更新
2025-08-21 08:13:11,983 - INFO - 当前性能: 准确率=0.7273, 宏F1=0.7273, 损失=0.6572
2025-08-21 08:13:11,983 - INFO - 
全局轮次 18/20
2025-08-21 08:13:11,983 - INFO - 客户端 0 本地训练中...
2025-08-21 08:13:12,006 - INFO - 客户端 1 本地训练中...
2025-08-21 08:13:12,012 - INFO - 客户端 2 本地训练中...
2025-08-21 08:13:12,018 - WARNING - 没有可聚合的有效梯度
2025-08-21 08:13:12,018 - WARNING - 第{epoch+1}轮没有有效的聚合损失
2025-08-21 08:13:12,018 - WARNING - 没有有效梯度用于全局更新
2025-08-21 08:13:12,035 - INFO - 当前性能: 准确率=0.6364, 宏F1=0.6071, 损失=0.6758
2025-08-21 08:13:12,035 - INFO - 
全局轮次 19/20
2025-08-21 08:13:12,036 - INFO - 客户端 0 本地训练中...
2025-08-21 08:13:12,067 - INFO - 客户端 1 本地训练中...
2025-08-21 08:13:12,076 - INFO - 客户端 2 本地训练中...
2025-08-21 08:13:12,083 - WARNING - 没有可聚合的有效梯度
2025-08-21 08:13:12,083 - WARNING - 第{epoch+1}轮没有有效的聚合损失
2025-08-21 08:13:12,083 - WARNING - 没有有效梯度用于全局更新
2025-08-21 08:13:12,097 - INFO - 当前性能: 准确率=0.5455, 宏F1=0.4762, 损失=0.6873
2025-08-21 08:13:12,097 - INFO - 
全局轮次 20/20
2025-08-21 08:13:12,097 - INFO - 客户端 0 本地训练中...
2025-08-21 08:13:12,120 - INFO - 客户端 1 本地训练中...
2025-08-21 08:13:12,127 - INFO - 客户端 2 本地训练中...
2025-08-21 08:13:12,133 - WARNING - 没有可聚合的有效梯度
2025-08-21 08:13:12,133 - WARNING - 第{epoch+1}轮没有有效的聚合损失
2025-08-21 08:13:12,133 - WARNING - 没有有效梯度用于全局更新
2025-08-21 08:13:12,145 - INFO - 当前性能: 准确率=0.5455, 宏F1=0.5299, 损失=0.6874
2025-08-21 08:13:13,426 - INFO - 
最终模型评估报告:
2025-08-21 08:13:13,427 - INFO - 准确率: 0.5455
2025-08-21 08:13:13,427 - INFO - 宏F1: 0.5299
2025-08-21 08:13:13,427 - INFO - 微F1: 0.5455
2025-08-21 08:13:13,427 - INFO - 加权F1: 0.5532
2025-08-21 08:13:13,427 - INFO - 损失: 0.6874
2025-08-21 17:12:04,898 - INFO - 使用设备: cpu
2025-08-21 17:12:04,898 - INFO - 加载图数据...
2025-08-21 17:12:04,899 - INFO - 图节点数: 34, 边数: 78
2025-08-21 17:12:04,911 - INFO - 开始纵向图联邦学习训练...
2025-08-21 17:12:04,911 - INFO - 
全局轮次 1/20
2025-08-21 17:12:04,911 - INFO - 客户端 0 本地训练中...
2025-08-21 17:12:06,544 - INFO - 客户端 1 本地训练中...
2025-08-21 17:12:06,553 - INFO - 客户端 2 本地训练中...
2025-08-21 17:12:06,565 - WARNING - 没有可聚合的有效梯度
2025-08-21 17:12:06,565 - WARNING - 第{epoch+1}轮没有有效的聚合损失
2025-08-21 17:12:06,566 - WARNING - 没有有效梯度用于全局更新
2025-08-21 17:12:06,586 - INFO - 当前性能: 准确率=0.4545, 宏F1=0.4107, 损失=0.6809
2025-08-21 17:12:06,586 - INFO - 
全局轮次 2/20
2025-08-21 17:12:06,586 - INFO - 客户端 0 本地训练中...
2025-08-21 17:12:06,621 - INFO - 客户端 1 本地训练中...
2025-08-21 17:12:06,632 - INFO - 客户端 2 本地训练中...
2025-08-21 17:12:06,641 - WARNING - 没有可聚合的有效梯度
2025-08-21 17:12:06,641 - WARNING - 第{epoch+1}轮没有有效的聚合损失
2025-08-21 17:12:06,641 - WARNING - 没有有效梯度用于全局更新
2025-08-21 17:12:06,658 - INFO - 当前性能: 准确率=0.4545, 宏F1=0.4107, 损失=0.6739
2025-08-21 17:12:06,658 - INFO - 
全局轮次 3/20
2025-08-21 17:12:06,658 - INFO - 客户端 0 本地训练中...
2025-08-21 17:12:06,695 - INFO - 客户端 1 本地训练中...
2025-08-21 17:12:06,702 - INFO - 客户端 2 本地训练中...
2025-08-21 17:12:06,710 - WARNING - 没有可聚合的有效梯度
2025-08-21 17:12:06,710 - WARNING - 第{epoch+1}轮没有有效的聚合损失
2025-08-21 17:12:06,710 - WARNING - 没有有效梯度用于全局更新
2025-08-21 17:12:06,723 - INFO - 当前性能: 准确率=0.3636, 宏F1=0.3419, 损失=0.7419
2025-08-21 17:12:06,723 - INFO - 
全局轮次 4/20
2025-08-21 17:12:06,723 - INFO - 客户端 0 本地训练中...
2025-08-21 17:12:06,749 - INFO - 客户端 1 本地训练中...
2025-08-21 17:12:06,756 - INFO - 客户端 2 本地训练中...
2025-08-21 17:12:06,771 - WARNING - 没有可聚合的有效梯度
2025-08-21 17:12:06,771 - WARNING - 第{epoch+1}轮没有有效的聚合损失
2025-08-21 17:12:06,771 - WARNING - 没有有效梯度用于全局更新
2025-08-21 17:12:06,784 - INFO - 当前性能: 准确率=0.3636, 宏F1=0.3636, 损失=0.7502
2025-08-21 17:12:06,785 - INFO - 
全局轮次 5/20
2025-08-21 17:12:06,785 - INFO - 客户端 0 本地训练中...
2025-08-21 17:12:06,809 - INFO - 客户端 1 本地训练中...
2025-08-21 17:12:06,816 - INFO - 客户端 2 本地训练中...
2025-08-21 17:12:06,822 - WARNING - 没有可聚合的有效梯度
2025-08-21 17:12:06,822 - WARNING - 第{epoch+1}轮没有有效的聚合损失
2025-08-21 17:12:06,822 - WARNING - 没有有效梯度用于全局更新
2025-08-21 17:12:06,837 - INFO - 当前性能: 准确率=0.5455, 宏F1=0.5455, 损失=0.6700
2025-08-21 17:12:06,837 - INFO - 
全局轮次 6/20
2025-08-21 17:12:06,837 - INFO - 客户端 0 本地训练中...
2025-08-21 17:12:06,864 - INFO - 客户端 1 本地训练中...
2025-08-21 17:12:06,871 - INFO - 客户端 2 本地训练中...
2025-08-21 17:12:06,878 - WARNING - 没有可聚合的有效梯度
2025-08-21 17:12:06,878 - WARNING - 第{epoch+1}轮没有有效的聚合损失
2025-08-21 17:12:06,878 - WARNING - 没有有效梯度用于全局更新
2025-08-21 17:12:06,891 - INFO - 当前性能: 准确率=0.3636, 宏F1=0.3419, 损失=0.7246
2025-08-21 17:12:06,892 - INFO - 
全局轮次 7/20
2025-08-21 17:12:06,892 - INFO - 客户端 0 本地训练中...
2025-08-21 17:12:06,917 - INFO - 客户端 1 本地训练中...
2025-08-21 17:12:06,925 - INFO - 客户端 2 本地训练中...
2025-08-21 17:12:06,932 - WARNING - 没有可聚合的有效梯度
2025-08-21 17:12:06,932 - WARNING - 第{epoch+1}轮没有有效的聚合损失
2025-08-21 17:12:06,932 - WARNING - 没有有效梯度用于全局更新
2025-08-21 17:12:06,945 - INFO - 当前性能: 准确率=0.6364, 宏F1=0.6333, 损失=0.6588
2025-08-21 17:12:06,945 - INFO - 
全局轮次 8/20
2025-08-21 17:12:06,945 - INFO - 客户端 0 本地训练中...
2025-08-21 17:12:06,972 - INFO - 客户端 1 本地训练中...
2025-08-21 17:12:06,979 - INFO - 客户端 2 本地训练中...
2025-08-21 17:12:06,986 - WARNING - 没有可聚合的有效梯度
2025-08-21 17:12:06,987 - WARNING - 第{epoch+1}轮没有有效的聚合损失
2025-08-21 17:12:06,987 - WARNING - 没有有效梯度用于全局更新
2025-08-21 17:12:07,001 - INFO - 当前性能: 准确率=0.6364, 宏F1=0.6071, 损失=0.7289
2025-08-21 17:12:07,001 - INFO - 
全局轮次 9/20
2025-08-21 17:12:07,001 - INFO - 客户端 0 本地训练中...
2025-08-21 17:12:07,029 - INFO - 客户端 1 本地训练中...
2025-08-21 17:12:07,035 - INFO - 客户端 2 本地训练中...
2025-08-21 17:12:07,043 - WARNING - 没有可聚合的有效梯度
2025-08-21 17:12:07,043 - WARNING - 第{epoch+1}轮没有有效的聚合损失
2025-08-21 17:12:07,043 - WARNING - 没有有效梯度用于全局更新
2025-08-21 17:12:07,060 - INFO - 当前性能: 准确率=0.1818, 宏F1=0.1538, 损失=0.7417
2025-08-21 17:12:07,060 - INFO - 
全局轮次 10/20
2025-08-21 17:12:07,060 - INFO - 客户端 0 本地训练中...
2025-08-21 17:12:07,087 - INFO - 客户端 1 本地训练中...
2025-08-21 17:12:07,094 - INFO - 客户端 2 本地训练中...
2025-08-21 17:12:07,101 - WARNING - 没有可聚合的有效梯度
2025-08-21 17:12:07,101 - WARNING - 第{epoch+1}轮没有有效的聚合损失
2025-08-21 17:12:07,101 - WARNING - 没有有效梯度用于全局更新
2025-08-21 17:12:07,116 - INFO - 当前性能: 准确率=0.5455, 宏F1=0.4762, 损失=0.7105
2025-08-21 17:12:07,116 - INFO - 
全局轮次 11/20
2025-08-21 17:12:07,116 - INFO - 客户端 0 本地训练中...
2025-08-21 17:12:07,142 - INFO - 客户端 1 本地训练中...
2025-08-21 17:12:07,150 - INFO - 客户端 2 本地训练中...
2025-08-21 17:12:07,164 - WARNING - 没有可聚合的有效梯度
2025-08-21 17:12:07,164 - WARNING - 第{epoch+1}轮没有有效的聚合损失
2025-08-21 17:12:07,164 - WARNING - 没有有效梯度用于全局更新
2025-08-21 17:12:07,179 - INFO - 当前性能: 准确率=0.3636, 宏F1=0.3636, 损失=0.7224
2025-08-21 17:12:07,179 - INFO - 
全局轮次 12/20
2025-08-21 17:12:07,179 - INFO - 客户端 0 本地训练中...
2025-08-21 17:12:07,204 - INFO - 客户端 1 本地训练中...
2025-08-21 17:12:07,210 - INFO - 客户端 2 本地训练中...
2025-08-21 17:12:07,217 - WARNING - 没有可聚合的有效梯度
2025-08-21 17:12:07,217 - WARNING - 第{epoch+1}轮没有有效的聚合损失
2025-08-21 17:12:07,217 - WARNING - 没有有效梯度用于全局更新
2025-08-21 17:12:07,230 - INFO - 当前性能: 准确率=0.4545, 宏F1=0.4500, 损失=0.6919
2025-08-21 17:12:07,230 - INFO - 
全局轮次 13/20
2025-08-21 17:12:07,230 - INFO - 客户端 0 本地训练中...
2025-08-21 17:12:07,260 - INFO - 客户端 1 本地训练中...
2025-08-21 17:12:07,266 - INFO - 客户端 2 本地训练中...
2025-08-21 17:12:07,274 - WARNING - 没有可聚合的有效梯度
2025-08-21 17:12:07,274 - WARNING - 第{epoch+1}轮没有有效的聚合损失
2025-08-21 17:12:07,274 - WARNING - 没有有效梯度用于全局更新
2025-08-21 17:12:07,288 - INFO - 当前性能: 准确率=0.3636, 宏F1=0.3636, 损失=0.7310
2025-08-21 17:12:07,288 - INFO - 
全局轮次 14/20
2025-08-21 17:12:07,288 - INFO - 客户端 0 本地训练中...
2025-08-21 17:12:07,312 - INFO - 客户端 1 本地训练中...
2025-08-21 17:12:07,318 - INFO - 客户端 2 本地训练中...
2025-08-21 17:12:07,325 - WARNING - 没有可聚合的有效梯度
2025-08-21 17:12:07,325 - WARNING - 第{epoch+1}轮没有有效的聚合损失
2025-08-21 17:12:07,325 - WARNING - 没有有效梯度用于全局更新
2025-08-21 17:12:07,338 - INFO - 当前性能: 准确率=0.8182, 宏F1=0.7708, 损失=0.6515
2025-08-21 17:12:07,338 - INFO - 
全局轮次 15/20
2025-08-21 17:12:07,339 - INFO - 客户端 0 本地训练中...
2025-08-21 17:12:07,365 - INFO - 客户端 1 本地训练中...
2025-08-21 17:12:07,371 - INFO - 客户端 2 本地训练中...
2025-08-21 17:12:07,378 - WARNING - 没有可聚合的有效梯度
2025-08-21 17:12:07,378 - WARNING - 第{epoch+1}轮没有有效的聚合损失
2025-08-21 17:12:07,378 - WARNING - 没有有效梯度用于全局更新
2025-08-21 17:12:07,391 - INFO - 当前性能: 准确率=0.6364, 宏F1=0.6333, 损失=0.6870
2025-08-21 17:12:07,391 - INFO - 
全局轮次 16/20
2025-08-21 17:12:07,391 - INFO - 客户端 0 本地训练中...
2025-08-21 17:12:07,428 - INFO - 客户端 1 本地训练中...
2025-08-21 17:12:07,438 - INFO - 客户端 2 本地训练中...
2025-08-21 17:12:07,451 - WARNING - 没有可聚合的有效梯度
2025-08-21 17:12:07,451 - WARNING - 第{epoch+1}轮没有有效的聚合损失
2025-08-21 17:12:07,452 - WARNING - 没有有效梯度用于全局更新
2025-08-21 17:12:07,473 - INFO - 当前性能: 准确率=0.8182, 宏F1=0.8036, 损失=0.6530
2025-08-21 17:12:07,473 - INFO - 
全局轮次 17/20
2025-08-21 17:12:07,473 - INFO - 客户端 0 本地训练中...
2025-08-21 17:12:07,512 - INFO - 客户端 1 本地训练中...
2025-08-21 17:12:07,521 - INFO - 客户端 2 本地训练中...
2025-08-21 17:12:07,531 - WARNING - 没有可聚合的有效梯度
2025-08-21 17:12:07,531 - WARNING - 第{epoch+1}轮没有有效的聚合损失
2025-08-21 17:12:07,531 - WARNING - 没有有效梯度用于全局更新
2025-08-21 17:12:07,546 - INFO - 当前性能: 准确率=0.5455, 宏F1=0.5455, 损失=0.7021
2025-08-21 17:12:07,546 - INFO - 
全局轮次 18/20
2025-08-21 17:12:07,547 - INFO - 客户端 0 本地训练中...
2025-08-21 17:12:07,578 - INFO - 客户端 1 本地训练中...
2025-08-21 17:12:07,585 - INFO - 客户端 2 本地训练中...
2025-08-21 17:12:07,593 - WARNING - 没有可聚合的有效梯度
2025-08-21 17:12:07,593 - WARNING - 第{epoch+1}轮没有有效的聚合损失
2025-08-21 17:12:07,593 - WARNING - 没有有效梯度用于全局更新
2025-08-21 17:12:07,607 - INFO - 当前性能: 准确率=0.6364, 宏F1=0.6333, 损失=0.6933
2025-08-21 17:12:07,608 - INFO - 
全局轮次 19/20
2025-08-21 17:12:07,608 - INFO - 客户端 0 本地训练中...
2025-08-21 17:12:07,636 - INFO - 客户端 1 本地训练中...
2025-08-21 17:12:07,644 - INFO - 客户端 2 本地训练中...
2025-08-21 17:12:07,653 - WARNING - 没有可聚合的有效梯度
2025-08-21 17:12:07,654 - WARNING - 第{epoch+1}轮没有有效的聚合损失
2025-08-21 17:12:07,654 - WARNING - 没有有效梯度用于全局更新
2025-08-21 17:12:07,668 - INFO - 当前性能: 准确率=0.3636, 宏F1=0.3636, 损失=0.7360
2025-08-21 17:12:07,668 - INFO - 
全局轮次 20/20
2025-08-21 17:12:07,668 - INFO - 客户端 0 本地训练中...
2025-08-21 17:12:07,694 - INFO - 客户端 1 本地训练中...
2025-08-21 17:12:07,701 - INFO - 客户端 2 本地训练中...
2025-08-21 17:12:07,708 - WARNING - 没有可聚合的有效梯度
2025-08-21 17:12:07,708 - WARNING - 第{epoch+1}轮没有有效的聚合损失
2025-08-21 17:12:07,708 - WARNING - 没有有效梯度用于全局更新
2025-08-21 17:12:07,721 - INFO - 当前性能: 准确率=0.3636, 宏F1=0.3636, 损失=0.7200
2025-08-21 17:12:08,843 - INFO - 
最终模型评估报告:
2025-08-21 17:12:08,844 - INFO - 准确率: 0.3636
2025-08-21 17:12:08,844 - INFO - 宏F1: 0.3636
2025-08-21 17:12:08,844 - INFO - 微F1: 0.3636
2025-08-21 17:12:08,844 - INFO - 加权F1: 0.3636
2025-08-21 17:12:08,844 - INFO - 损失: 0.7200
